0 info it worked if it ends with ok
1 verbose cli [ '/usr/bin/node', '/usr/bin/npm', 'run', 'preview' ]
2 info using npm@3.5.2
3 info using node@v8.10.0
4 verbose run-script [ 'preview' ]
5 info lifecycle skymemory@1.0.0~preview: skymemory@1.0.0
6 verbose lifecycle skymemory@1.0.0~preview: unsafe-perm in lifecycle true
7 verbose lifecycle skymemory@1.0.0~preview: PATH: /usr/share/npm/bin/node-gyp-bin:/home/skymemory/github/Skymemory.github.io/node_modules/.bin:/usr/local/sbin:/usr/local/bin:/usr/sbin:/usr/bin:/sbin:/bin:/usr/games:/usr/local/games:/home/skymemory/.local/bin:/snap/bin:/home/skymemory/go/bin
8 verbose lifecycle skymemory@1.0.0~preview: CWD: /home/skymemory/github/Skymemory.github.io
9 silly lifecycle skymemory@1.0.0~preview: Args: [ '-c', 'cd _site; python -m SimpleHTTPServer 8020' ]
10 silly lifecycle skymemory@1.0.0~preview: Returned: code: 1  signal: null
11 info lifecycle skymemory@1.0.0~preview: Failed to exec preview script
12 verbose stack Error: skymemory@1.0.0 preview: `cd _site; python -m SimpleHTTPServer 8020`
12 verbose stack Exit status 1
12 verbose stack     at EventEmitter.<anonymous> (/usr/share/npm/lib/utils/lifecycle.js:232:16)
12 verbose stack     at emitTwo (events.js:126:13)
12 verbose stack     at EventEmitter.emit (events.js:214:7)
12 verbose stack     at ChildProcess.<anonymous> (/usr/share/npm/lib/utils/spawn.js:24:14)
12 verbose stack     at emitTwo (events.js:126:13)
12 verbose stack     at ChildProcess.emit (events.js:214:7)
12 verbose stack     at maybeClose (internal/child_process.js:925:16)
12 verbose stack     at Process.ChildProcess._handle.onexit (internal/child_process.js:209:5)
13 verbose pkgid skymemory@1.0.0
14 verbose cwd /home/skymemory/github/Skymemory.github.io
15 error Linux 4.15.0-30-generic
16 error argv "/usr/bin/node" "/usr/bin/npm" "run" "preview"
17 error node v8.10.0
18 error npm  v3.5.2
19 error code ELIFECYCLE
20 error skymemory@1.0.0 preview: `cd _site; python -m SimpleHTTPServer 8020`
20 error Exit status 1
21 error Failed at the skymemory@1.0.0 preview script 'cd _site; python -m SimpleHTTPServer 8020'.
21 error Make sure you have the latest version of node.js and npm installed.
21 error If you do, this is most likely a problem with the skymemory package,
21 error not with npm itself.
21 error Tell the author that this fails on your system:
21 error     cd _site; python -m SimpleHTTPServer 8020
21 error You can get information on how to open an issue for this project with:
21 error     npm bugs skymemory
21 error Or if that isn't available, you can get their info via:
21 error     npm owner ls skymemory
21 error There is likely additional logging output above.
22 verbose exit [ 1, true ]
